<?xml version="1.0" encoding="UTF-8"?>
<!-- Generated by org.testng.reporters.JUnitXMLReporter -->
<testsuite ignored="0" hostname="DESKTOP-T83L1I0" failures="0" tests="5" name="Default test" time="77.22" errors="0" timestamp="2023-04-25T14:13:23 IST">
  <testcase classname="test.SwagLabTest" name="loginFunctionality" time="1.398"/>
  <testcase classname="test.SwagLabTest" name="productAreDisplayOnHomePage" time="0.705"/>
  <testcase classname="test.SwagLabTest" name="verifyCustomerIsAbleToPlaceOrder" time="2.951"/>
  <testcase classname="test.SwagLabTest" name="verifyMultipleProductsAddedToCart" time="1.548"/>
  <testcase classname="test.SwagLabTest" name="verifyProductIsAddedToCart" time="1.023"/>
</testsuite> <!-- Default test -->
