<?xml version="1.0" encoding="UTF-8"?>
<testng-results ignored="0" total="5" passed="5" failed="0" skipped="0">
  <reporter-output>
  </reporter-output>
  <suite started-at="2023-04-25T14:12:05 IST" name="Default suite" finished-at="2023-04-25T14:13:23 IST" duration-ms="77220">
    <groups>
    </groups>
    <test started-at="2023-04-25T14:12:05 IST" name="Default test" finished-at="2023-04-25T14:13:23 IST" duration-ms="77220">
      <class name="test.SwagLabTest">
        <test-method is-config="true" signature="configureReport()[pri:0, instance:test.SwagLabTest@17f62e33]" started-at="2023-04-25T14:12:05 IST" name="configureReport" finished-at="2023-04-25T14:12:06 IST" duration-ms="773" status="PASS">
          <reporter-output>
          </reporter-output>
        </test-method> <!-- configureReport -->
        <test-method is-config="true" signature="openBrowser()[pri:0, instance:test.SwagLabTest@17f62e33]" started-at="2023-04-25T14:12:06 IST" name="openBrowser" finished-at="2023-04-25T14:12:15 IST" duration-ms="8806" status="PASS">
          <reporter-output>
          </reporter-output>
        </test-method> <!-- openBrowser -->
        <test-method signature="loginFunctionality()[pri:0, instance:test.SwagLabTest@17f62e33]" started-at="2023-04-25T14:12:15 IST" name="loginFunctionality" finished-at="2023-04-25T14:12:16 IST" duration-ms="1398" status="PASS">
          <reporter-output>
          </reporter-output>
        </test-method> <!-- loginFunctionality -->
        <test-method is-config="true" signature="captureResult(org.testng.ITestResult)[pri:0, instance:test.SwagLabTest@17f62e33]" started-at="2023-04-25T14:12:17 IST" name="captureResult" finished-at="2023-04-25T14:12:17 IST" duration-ms="14" status="PASS">
          <params>
            <param index="0">
              <value>
                <![CDATA[[TestResult name=loginFunctionality status=SUCCESS method=SwagLabTest.loginFunctionality()[pri:0, instance:test.SwagLabTest@17f62e33] output={null}]]]>
              </value>
            </param>
          </params>
          <reporter-output>
          </reporter-output>
        </test-method> <!-- captureResult -->
        <test-method is-config="true" signature="openBrowser()[pri:0, instance:test.SwagLabTest@17f62e33]" started-at="2023-04-25T14:12:17 IST" name="openBrowser" finished-at="2023-04-25T14:12:25 IST" duration-ms="8251" status="PASS">
          <reporter-output>
          </reporter-output>
        </test-method> <!-- openBrowser -->
        <test-method signature="productAreDisplayOnHomePage()[pri:0, instance:test.SwagLabTest@17f62e33]" started-at="2023-04-25T14:12:25 IST" name="productAreDisplayOnHomePage" finished-at="2023-04-25T14:12:25 IST" duration-ms="705" status="PASS">
          <reporter-output>
          </reporter-output>
        </test-method> <!-- productAreDisplayOnHomePage -->
        <test-method is-config="true" signature="captureResult(org.testng.ITestResult)[pri:0, instance:test.SwagLabTest@17f62e33]" started-at="2023-04-25T14:12:25 IST" name="captureResult" finished-at="2023-04-25T14:12:25 IST" duration-ms="1" status="PASS">
          <params>
            <param index="0">
              <value>
                <![CDATA[[TestResult name=productAreDisplayOnHomePage status=SUCCESS method=SwagLabTest.productAreDisplayOnHomePage()[pri:0, instance:test.SwagLabTest@17f62e33] output={null}]]]>
              </value>
            </param>
          </params>
          <reporter-output>
          </reporter-output>
        </test-method> <!-- captureResult -->
        <test-method is-config="true" signature="openBrowser()[pri:0, instance:test.SwagLabTest@17f62e33]" started-at="2023-04-25T14:12:25 IST" name="openBrowser" finished-at="2023-04-25T14:12:34 IST" duration-ms="8665" status="PASS">
          <reporter-output>
          </reporter-output>
        </test-method> <!-- openBrowser -->
        <test-method signature="verifyCustomerIsAbleToPlaceOrder()[pri:0, instance:test.SwagLabTest@17f62e33]" started-at="2023-04-25T14:12:34 IST" name="verifyCustomerIsAbleToPlaceOrder" finished-at="2023-04-25T14:12:37 IST" duration-ms="2951" status="PASS">
          <reporter-output>
          </reporter-output>
        </test-method> <!-- verifyCustomerIsAbleToPlaceOrder -->
        <test-method is-config="true" signature="captureResult(org.testng.ITestResult)[pri:0, instance:test.SwagLabTest@17f62e33]" started-at="2023-04-25T14:12:37 IST" name="captureResult" finished-at="2023-04-25T14:12:37 IST" duration-ms="10" status="PASS">
          <params>
            <param index="0">
              <value>
                <![CDATA[[TestResult name=verifyCustomerIsAbleToPlaceOrder status=SUCCESS method=SwagLabTest.verifyCustomerIsAbleToPlaceOrder()[pri:0, instance:test.SwagLabTest@17f62e33] output={null}]]]>
              </value>
            </param>
          </params>
          <reporter-output>
          </reporter-output>
        </test-method> <!-- captureResult -->
        <test-method is-config="true" signature="openBrowser()[pri:0, instance:test.SwagLabTest@17f62e33]" started-at="2023-04-25T14:12:37 IST" name="openBrowser" finished-at="2023-04-25T14:12:57 IST" duration-ms="19627" status="PASS">
          <reporter-output>
          </reporter-output>
        </test-method> <!-- openBrowser -->
        <test-method signature="verifyMultipleProductsAddedToCart()[pri:0, instance:test.SwagLabTest@17f62e33]" started-at="2023-04-25T14:12:57 IST" name="verifyMultipleProductsAddedToCart" finished-at="2023-04-25T14:12:58 IST" duration-ms="1548" status="PASS">
          <reporter-output>
          </reporter-output>
        </test-method> <!-- verifyMultipleProductsAddedToCart -->
        <test-method is-config="true" signature="captureResult(org.testng.ITestResult)[pri:0, instance:test.SwagLabTest@17f62e33]" started-at="2023-04-25T14:12:58 IST" name="captureResult" finished-at="2023-04-25T14:12:58 IST" duration-ms="2" status="PASS">
          <params>
            <param index="0">
              <value>
                <![CDATA[[TestResult name=verifyMultipleProductsAddedToCart status=SUCCESS method=SwagLabTest.verifyMultipleProductsAddedToCart()[pri:0, instance:test.SwagLabTest@17f62e33] output={null}]]]>
              </value>
            </param>
          </params>
          <reporter-output>
          </reporter-output>
        </test-method> <!-- captureResult -->
        <test-method is-config="true" signature="openBrowser()[pri:0, instance:test.SwagLabTest@17f62e33]" started-at="2023-04-25T14:12:58 IST" name="openBrowser" finished-at="2023-04-25T14:13:18 IST" duration-ms="19349" status="PASS">
          <reporter-output>
          </reporter-output>
        </test-method> <!-- openBrowser -->
        <test-method signature="verifyProductIsAddedToCart()[pri:0, instance:test.SwagLabTest@17f62e33]" started-at="2023-04-25T14:13:18 IST" name="verifyProductIsAddedToCart" finished-at="2023-04-25T14:13:19 IST" duration-ms="1023" status="PASS">
          <reporter-output>
          </reporter-output>
        </test-method> <!-- verifyProductIsAddedToCart -->
        <test-method is-config="true" signature="captureResult(org.testng.ITestResult)[pri:0, instance:test.SwagLabTest@17f62e33]" started-at="2023-04-25T14:13:19 IST" name="captureResult" finished-at="2023-04-25T14:13:19 IST" duration-ms="1" status="PASS">
          <params>
            <param index="0">
              <value>
                <![CDATA[[TestResult name=verifyProductIsAddedToCart status=SUCCESS method=SwagLabTest.verifyProductIsAddedToCart()[pri:0, instance:test.SwagLabTest@17f62e33] output={null}]]]>
              </value>
            </param>
          </params>
          <reporter-output>
          </reporter-output>
        </test-method> <!-- captureResult -->
        <test-method is-config="true" signature="publishReport()[pri:0, instance:test.SwagLabTest@17f62e33]" started-at="2023-04-25T14:13:19 IST" name="publishReport" finished-at="2023-04-25T14:13:23 IST" duration-ms="3922" status="PASS">
          <reporter-output>
          </reporter-output>
        </test-method> <!-- publishReport -->
      </class> <!-- test.SwagLabTest -->
    </test> <!-- Default test -->
  </suite> <!-- Default suite -->
</testng-results>
