<?xml version="1.0" encoding="UTF-8"?>
<testng-results ignored="0" total="1" passed="1" failed="0" skipped="0">
  <reporter-output>
  </reporter-output>
  <suite started-at="2023-04-20T00:22:20 IST" name="Default suite" finished-at="2023-04-20T00:22:34 IST" duration-ms="14069">
    <groups>
    </groups>
    <test started-at="2023-04-20T00:22:20 IST" name="Default test" finished-at="2023-04-20T00:22:34 IST" duration-ms="14069">
      <class name="test.VerifyCustomerIsAbletoPlaceOrder">
        <test-method is-config="true" signature="openBrowser()[pri:0, instance:test.VerifyCustomerIsAbletoPlaceOrder@65c7a252]" started-at="2023-04-20T00:22:20 IST" name="openBrowser" finished-at="2023-04-20T00:22:31 IST" duration-ms="10972" status="PASS">
          <reporter-output>
          </reporter-output>
        </test-method> <!-- openBrowser -->
        <test-method signature="verifyCustomerIsAbleToPlaceOrder()[pri:0, instance:test.VerifyCustomerIsAbletoPlaceOrder@65c7a252]" started-at="2023-04-20T00:22:31 IST" name="verifyCustomerIsAbleToPlaceOrder" finished-at="2023-04-20T00:22:34 IST" duration-ms="2924" status="PASS">
          <reporter-output>
          </reporter-output>
        </test-method> <!-- verifyCustomerIsAbleToPlaceOrder -->
      </class> <!-- test.VerifyCustomerIsAbletoPlaceOrder -->
    </test> <!-- Default test -->
  </suite> <!-- Default suite -->
</testng-results>
